d:\devstudy\remoteitem\study_project\remotectrl\remotectrl\debug\vc143.pdb
d:\devstudy\remoteitem\study_project\remotectrl\remotectrl\debug\vc143.idb
d:\devstudy\remoteitem\study_project\remotectrl\remotectrl\debug\serversocket.obj
d:\devstudy\remoteitem\study_project\remotectrl\remotectrl\debug\remotectrl.res
d:\devstudy\remoteitem\study_project\remotectrl\remotectrl\debug\remotectrl.ilk
d:\devstudy\remoteitem\study_project\remotectrl\remotectrl\debug\remotectrl.pch
d:\devstudy\remoteitem\study_project\remotectrl\debug\remotectrl.pdb
d:\devstudy\remoteitem\study_project\remotectrl\remotectrl\debug\remotectrl.tlog\cl.command.1.tlog
d:\devstudy\remoteitem\study_project\remotectrl\remotectrl\debug\remotectrl.tlog\cl.items.tlog
d:\devstudy\remoteitem\study_project\remotectrl\remotectrl\debug\remotectrl.tlog\cl.read.1.tlog
d:\devstudy\remoteitem\study_project\remotectrl\remotectrl\debug\remotectrl.tlog\cl.write.1.tlog
d:\devstudy\remoteitem\study_project\remotectrl\remotectrl\debug\remotectrl.tlog\link-cvtres.read.1.tlog
d:\devstudy\remoteitem\study_project\remotectrl\remotectrl\debug\remotectrl.tlog\link-cvtres.write.1.tlog
d:\devstudy\remoteitem\study_project\remotectrl\remotectrl\debug\remotectrl.tlog\link-mt.read.1.tlog
d:\devstudy\remoteitem\study_project\remotectrl\remotectrl\debug\remotectrl.tlog\link-mt.write.1.tlog
d:\devstudy\remoteitem\study_project\remotectrl\remotectrl\debug\remotectrl.tlog\link-rc.read.1.tlog
d:\devstudy\remoteitem\study_project\remotectrl\remotectrl\debug\remotectrl.tlog\link-rc.write.1.tlog
d:\devstudy\remoteitem\study_project\remotectrl\remotectrl\debug\remotectrl.tlog\link.18508.read.1.tlog
d:\devstudy\remoteitem\study_project\remotectrl\remotectrl\debug\remotectrl.tlog\link.18508.write.1.tlog
d:\devstudy\remoteitem\study_project\remotectrl\remotectrl\debug\remotectrl.tlog\link.command.1.tlog
d:\devstudy\remoteitem\study_project\remotectrl\remotectrl\debug\remotectrl.tlog\link.read.1.tlog
d:\devstudy\remoteitem\study_project\remotectrl\remotectrl\debug\remotectrl.tlog\link.secondary.1.tlog
d:\devstudy\remoteitem\study_project\remotectrl\remotectrl\debug\remotectrl.tlog\link.write.1.tlog
d:\devstudy\remoteitem\study_project\remotectrl\remotectrl\debug\remotectrl.tlog\rc.command.1.tlog
d:\devstudy\remoteitem\study_project\remotectrl\remotectrl\debug\remotectrl.tlog\rc.read.1.tlog
d:\devstudy\remoteitem\study_project\remotectrl\remotectrl\debug\remotectrl.tlog\rc.write.1.tlog
